<?xml version="1.0" encoding="UTF-8"?>
<!-- Generated by org.testng.reporters.JUnitXMLReporter -->
<testsuite hostname="MMANI7" name="OrangeHRM" tests="1" failures="1" timestamp="15 Oct 2020 14:45:42 GMT" time="0.058" errors="0">
  <testcase name="OrangeHRM_Requirement1" time="0.017" classname="seleniumFramwork.Mytry.OrangeHRM">
    <failure type="java.lang.NullPointerException">
      <![CDATA[java.lang.NullPointerException
	at seleniumFramwork.Mytry.pageGentrics.lanuchBrowser(pageGentrics.java:40)
	at seleniumFramwork.Mytry.OrangeHRM.OrangeHRM_Requirement1(OrangeHRM.java:16)
	at java.util.concurrent.ThreadPoolExecutor.runWorker(Unknown Source)
	at java.util.concurrent.ThreadPoolExecutor$Worker.run(Unknown Source)
	at java.lang.Thread.run(Unknown Source)
... Removed 10 stack frames]]>
    </failure>
  </testcase> <!-- OrangeHRM_Requirement1 -->
</testsuite> <!-- OrangeHRM -->
