<?xml version="1.0" encoding="UTF-8"?>
<testng-results skipped="0" failed="0" total="2" passed="2">
  <reporter-output>
  </reporter-output>
  <suite name="Suite" duration-ms="33782" started-at="2020-10-18T07:46:05Z" finished-at="2020-10-18T07:46:39Z">
    <groups>
    </groups>
    <test name="Automation_Scenario" duration-ms="33782" started-at="2020-10-18T07:46:05Z" finished-at="2020-10-18T07:46:39Z">
      <class name="com.automation.apttus.Assginment.CodingTest">
        <test-method status="PASS" signature="Web_Requirement1()[pri:0, instance:com.automation.apttus.Assginment.CodingTest@4df5bcb4]" name="Web_Requirement1" duration-ms="33718" started-at="2020-10-18T13:16:05Z" finished-at="2020-10-18T13:16:39Z">
          <reporter-output>
          </reporter-output>
        </test-method> <!-- Web_Requirement1 -->
        <test-method status="PASS" signature="API_Requirement3()[pri:0, instance:com.automation.apttus.Assginment.CodingTest@4df5bcb4]" name="API_Requirement3" duration-ms="11848" started-at="2020-10-18T13:16:05Z" finished-at="2020-10-18T13:16:17Z">
          <reporter-output>
          </reporter-output>
        </test-method> <!-- API_Requirement3 -->
      </class> <!-- com.automation.apttus.Assginment.CodingTest -->
    </test> <!-- Automation_Scenario -->
  </suite> <!-- Suite -->
</testng-results>
